#
# There is insufficient memory for the Java Runtime Environment to continue.
# Native memory allocation (malloc) failed to allocate 65552 bytes for Chunk::new
# Possible reasons:
#   The system is out of physical RAM or swap space
#   The process is running with CompressedOops enabled, and the Java Heap may be blocking the growth of the native heap
# Possible solutions:
#   Reduce memory load on the system
#   Increase physical memory or swap space
#   Check if swap backing store is full
#   Decrease Java heap size (-Xmx/-Xms)
#   Decrease number of Java threads
#   Decrease Java thread stack sizes (-Xss)
#   Set larger code cache with -XX:ReservedCodeCacheSize=
#   JVM is running with Unscaled Compressed Oops mode in which the Java heap is
#     placed in the first 4GB address space. The Java Heap base address is the
#     maximum limit for the native heap growth. Please use -XX:HeapBaseMinAddress
#     to set the Java Heap base and to place the Java Heap above 4GB virtual address.
# This output file may be truncated or incomplete.
#
#  Out of Memory Error (allocation.cpp:389), pid=22716, tid=0x0000000000002368
#
# JRE version: OpenJDK Runtime Environment (8.0_202-b03) (build 1.8.0_202-release-1483-b03)
# Java VM: OpenJDK 64-Bit Server VM (25.202-b03 mixed mode windows-amd64 compressed oops)
# Failed to write core dump. Minidumps are not enabled by default on client versions of Windows
#

---------------  T H R E A D  ---------------

Current thread (0x0000000018c90800):  JavaThread "C2 CompilerThread2" daemon [_thread_in_native, id=9064, stack(0x0000000019760000,0x0000000019860000)]

Stack: [0x0000000019760000,0x0000000019860000]
[error occurred during error reporting (printing stack bounds), id 0xc0000005]

Native frames: (J=compiled Java code, j=interpreted, Vv=VM code, C=native code)


Current CompileTask:
C2:  12088 12278       4       com.android.tools.r8.ir.conversion.IRBuilder::a (184 bytes)


---------------  P R O C E S S  ---------------

Java Threads: ( => current thread )
  0x000000001f493800 JavaThread "WorkerExecutor Queue Thread 9" [_thread_blocked, id=10544, stack(0x000000002a740000,0x000000002a840000)]
  0x000000001f492800 JavaThread "WorkerExecutor Queue Thread 8" [_thread_blocked, id=23860, stack(0x000000002a640000,0x000000002a740000)]
  0x000000001f492000 JavaThread "WorkerExecutor Queue Thread 7" [_thread_blocked, id=24824, stack(0x000000002a540000,0x000000002a640000)]
  0x000000001f48a800 JavaThread "WorkerExecutor Queue Thread 6" [_thread_blocked, id=21584, stack(0x000000002a440000,0x000000002a540000)]
  0x000000001f491000 JavaThread "WorkerExecutor Queue Thread 5" [_thread_in_native, id=21436, stack(0x000000002a340000,0x000000002a440000)]
  0x000000001f490800 JavaThread "WorkerExecutor Queue Thread 4" [_thread_in_native, id=4368, stack(0x0000000028f80000,0x0000000029080000)]
  0x000000001f489000 JavaThread "WorkerExecutor Queue Thread 3" [_thread_in_native, id=2456, stack(0x0000000028e80000,0x0000000028f80000)]
  0x000000001f48f800 JavaThread "WorkerExecutor Queue Thread 2" [_thread_in_native, id=7700, stack(0x0000000028d80000,0x0000000028e80000)]
  0x000000001f48e000 JavaThread "WorkerExecutor Queue" [_thread_blocked, id=22904, stack(0x00000000268e0000,0x00000000269e0000)]
  0x000000001f487800 JavaThread "Cache worker for execution history cache (D:\AndroidStudioProjects\myProjects\pomodoro\.gradle\5.4.1\executionHistory)" [_thread_blocked, id=1384, stack(0x0000000025e90000,0x0000000025f90000)]
  0x000000001f48b000 JavaThread "Execution worker for ':' Thread 7" [_thread_blocked, id=23556, stack(0x0000000025a90000,0x0000000025b90000)]
  0x000000001f48c000 JavaThread "Execution worker for ':' Thread 6" [_thread_blocked, id=21040, stack(0x0000000025990000,0x0000000025a90000)]
  0x000000001f48d800 JavaThread "Execution worker for ':' Thread 5" [_thread_blocked, id=7584, stack(0x0000000025890000,0x0000000025990000)]
  0x0000000019dc8800 JavaThread "Execution worker for ':' Thread 4" [_thread_in_Java, id=25272, stack(0x0000000025790000,0x0000000025890000)]
  0x0000000019dce800 JavaThread "Execution worker for ':' Thread 3" [_thread_blocked, id=17276, stack(0x0000000025690000,0x0000000025790000)]
  0x0000000019dce000 JavaThread "Execution worker for ':' Thread 2" [_thread_blocked, id=6328, stack(0x0000000025590000,0x0000000025690000)]
  0x0000000019dcb000 JavaThread "Execution worker for ':'" [_thread_blocked, id=8964, stack(0x0000000025490000,0x0000000025590000)]
  0x0000000019dcd000 JavaThread "Cache worker for file content cache (D:\AndroidStudioProjects\myProjects\pomodoro\.gradle\5.4.1\fileContent)" [_thread_blocked, id=20800, stack(0x0000000025190000,0x0000000025290000)]
  0x0000000019dcb800 JavaThread "Cache worker for file content cache (C:\Users\webma\.gradle\caches\5.4.1\fileContent)" [_thread_blocked, id=18528, stack(0x0000000025090000,0x0000000025190000)]
  0x0000000019dc8000 JavaThread "Memory manager" [_thread_blocked, id=9396, stack(0x0000000024360000,0x0000000024460000)]
  0x0000000019dc9800 JavaThread "Cache worker for Build Output Cleanup Cache (D:\AndroidStudioProjects\myProjects\pomodoro\.gradle\buildOutputCleanup)" [_thread_blocked, id=7660, stack(0x0000000024060000,0x0000000024160000)]
  0x0000000019dca000 JavaThread "pool-1-thread-1" [_thread_blocked, id=20664, stack(0x0000000023d60000,0x0000000023e60000)]
  0x0000000019dc0800 JavaThread "Build operations Thread 8" [_thread_blocked, id=15712, stack(0x0000000023c60000,0x0000000023d60000)]
  0x0000000019dc2800 JavaThread "Build operations Thread 7" [_thread_blocked, id=23080, stack(0x0000000023b60000,0x0000000023c60000)]
  0x0000000019dc4000 JavaThread "Build operations Thread 6" [_thread_blocked, id=3388, stack(0x0000000023a60000,0x0000000023b60000)]
  0x0000000019dc7000 JavaThread "Build operations Thread 5" [_thread_blocked, id=23480, stack(0x0000000023960000,0x0000000023a60000)]
  0x0000000019dc5000 JavaThread "Build operations Thread 4" [_thread_blocked, id=17704, stack(0x0000000023860000,0x0000000023960000)]
  0x0000000019dc5800 JavaThread "Build operations Thread 3" [_thread_blocked, id=20204, stack(0x0000000023760000,0x0000000023860000)]
  0x0000000019dc2000 JavaThread "Build operations Thread 2" [_thread_blocked, id=6688, stack(0x0000000023660000,0x0000000023760000)]
  0x0000000019dc3800 JavaThread "Build operations" [_thread_blocked, id=21956, stack(0x0000000023560000,0x0000000023660000)]
  0x0000000019dc6800 JavaThread "Cache worker for execution history cache (C:\Users\webma\.gradle\caches\5.4.1\executionHistory)" [_thread_blocked, id=23708, stack(0x0000000022ab0000,0x0000000022bb0000)]
  0x0000000019dbf800 JavaThread "Cache worker for cache directory md-rule (C:\Users\webma\.gradle\caches\5.4.1\md-rule)" [_thread_blocked, id=1640, stack(0x00000000229b0000,0x0000000022ab0000)]
  0x0000000019dc1000 JavaThread "Cache worker for cache directory md-supplier (C:\Users\webma\.gradle\caches\5.4.1\md-supplier)" [_thread_blocked, id=24536, stack(0x0000000021670000,0x0000000021770000)]
  0x000000001b16e000 JavaThread "Cache worker for file hash cache (D:\AndroidStudioProjects\myProjects\pomodoro\.gradle\5.4.1\fileHashes)" [_thread_blocked, id=3528, stack(0x000000001fd20000,0x000000001fe20000)]
  0x000000001b16f800 JavaThread "Cache worker for journal cache (C:\Users\webma\.gradle\caches\journal-1)" [_thread_blocked, id=25292, stack(0x000000001d880000,0x000000001d980000)]
  0x000000001b16d800 JavaThread "File lock request listener" [_thread_in_native, id=18464, stack(0x000000001d780000,0x000000001d880000)]
  0x000000001b0fb000 JavaThread "Cache worker for file hash cache (C:\Users\webma\.gradle\caches\5.4.1\fileHashes)" [_thread_blocked, id=19268, stack(0x000000001d680000,0x000000001d780000)]
  0x000000001b063000 JavaThread "Thread-9" [_thread_blocked, id=23664, stack(0x000000001c5b0000,0x000000001c6b0000)]
  0x000000001b04e800 JavaThread "Stdin handler" [_thread_blocked, id=11100, stack(0x000000001c4b0000,0x000000001c5b0000)]
  0x000000001b066800 JavaThread "Asynchronous log dispatcher for DefaultDaemonConnection: socket connection from /127.0.0.1:4236 to /127.0.0.1:4237" [_thread_blocked, id=5028, stack(0x000000001c2b0000,0x000000001c3b0000)]
  0x000000001b066000 JavaThread "Daemon worker" [_thread_blocked, id=22512, stack(0x000000001c1b0000,0x000000001c2b0000)]
  0x000000001b065000 JavaThread "Cancel handler" [_thread_blocked, id=24672, stack(0x000000001c0b0000,0x000000001c1b0000)]
  0x000000001afab800 JavaThread "Handler for socket connection from /127.0.0.1:4236 to /127.0.0.1:4237" [_thread_in_native, id=22688, stack(0x000000001bdb0000,0x000000001beb0000)]
  0x000000001afad000 JavaThread "Daemon" [_thread_blocked, id=15880, stack(0x000000001bcb0000,0x000000001bdb0000)]
  0x000000001af39000 JavaThread "Daemon periodic checks" [_thread_blocked, id=22376, stack(0x000000001bbb0000,0x000000001bcb0000)]
  0x000000001adb8000 JavaThread "Incoming local TCP Connector on port 4236" [_thread_in_native, id=12064, stack(0x000000001b970000,0x000000001ba70000)]
  0x000000001ad8e000 JavaThread "Daemon health stats" [_thread_blocked, id=20572, stack(0x000000001b330000,0x000000001b430000)]
  0x0000000018d35000 JavaThread "Service Thread" daemon [_thread_blocked, id=24088, stack(0x0000000019960000,0x0000000019a60000)]
  0x0000000018c9a000 JavaThread "C1 CompilerThread3" daemon [_thread_blocked, id=4172, stack(0x0000000019860000,0x0000000019960000)]
=>0x0000000018c90800 JavaThread "C2 CompilerThread2" daemon [_thread_in_native, id=9064, stack(0x0000000019760000,0x0000000019860000)]
  0x0000000018c8e000 JavaThread "C2 CompilerThread1" daemon [_thread_in_native, id=7804, stack(0x0000000019660000,0x0000000019760000)]
  0x0000000018c8a000 JavaThread "C2 CompilerThread0" daemon [_thread_in_native, id=24324, stack(0x0000000019560000,0x0000000019660000)]
  0x0000000018c89000 JavaThread "Attach Listener" daemon [_thread_blocked, id=22924, stack(0x0000000019460000,0x0000000019560000)]
  0x0000000018c88800 JavaThread "Signal Dispatcher" daemon [_thread_blocked, id=13992, stack(0x0000000019360000,0x0000000019460000)]
  0x000000000303e000 JavaThread "Finalizer" daemon [_thread_blocked, id=4520, stack(0x0000000019160000,0x0000000019260000)]
  0x0000000003035000 JavaThread "Reference Handler" daemon [_thread_blocked, id=4188, stack(0x0000000019060000,0x0000000019160000)]
  0x00000000030be800 JavaThread "main" [_thread_blocked, id=16136, stack(0x0000000002de0000,0x0000000002ee0000)]

Other Threads:
  0x0000000016e78800 VMThread [stack: 0x0000000018b60000,0x0000000018c60000] [id=24540]
  0x0000000018d36000 WatcherThread [stack: 0x0000000019a60000,0x0000000019b60000] [id=22304]

VM state:not at safepoint (normal execution)

VM Mutex/Monitor currently owned by a thread: None

OutOfMemory and StackOverflow Exception counts:
OutOfMemoryError java_heap_errors=1

heap address: 0x00000000a0000000, size: 1536 MB, Compressed Oops mode: 32-bit
Narrow klass base: 0x0000000000000000, Narrow klass shift: 3
Compressed class space size: 1073741824 Address: 0x0000000100000000

Heap:
 PSYoungGen      total 302080K, used 171167K [0x00000000e0000000, 0x00000000faf80000, 0x0000000100000000)
  eden space 262656K, 50% used [0x00000000e0000000,0x00000000e80a97e8,0x00000000f0080000)
  from space 39424K, 99% used [0x00000000f0080000,0x00000000f26fe700,0x00000000f2700000)
  to   space 46080K, 0% used [0x00000000f8280000,0x00000000f8280000,0x00000000faf80000)
 ParOldGen       total 413696K, used 58529K [0x00000000a0000000, 0x00000000b9400000, 0x00000000e0000000)
  object space 413696K, 14% used [0x00000000a0000000,0x00000000a3928508,0x00000000b9400000)
 Metaspace       used 75362K, capacity 79344K, committed 79576K, reserved 1118208K
  class space    used 10202K, capacity 10929K, committed 11008K, reserved 1048576K

Card table byte_map: [0x0000000012480000,0x0000000012790000] byte_map_base: 0x0000000011f80000

Marking Bits: (ParMarkBitMap*) 0x0000000069a89f30
 Begin Bits: [0x0000000013190000, 0x0000000014990000)
 End Bits:   [0x0000000014990000, 0x0000000016190000)

Polling page: 0x0000000001590000

CodeCache: size=245760Kb used=34617Kb max_used=34617Kb free=211142Kb
 bounds [0x00000000030c0000, 0x00000000052c0000, 0x00000000120c0000]
 total_blobs=11860 nmethods=11032 adapters=739
 compilation: enabled

Compilation events (10 events):
Event: 12.078 Thread 0x0000000018c9a000 12843       2       com.android.tools.r8.m.a.a.b.P::put (8 bytes)
Event: 12.078 Thread 0x0000000018c9a000 nmethod 12843 0x00000000052b2c50 code [0x00000000052b2dc0, 0x00000000052b2f28]
Event: 12.078 Thread 0x0000000018c9a000 12844       2       com.android.tools.r8.m.a.a.b.P::a (166 bytes)
Event: 12.080 Thread 0x0000000018c9a000 nmethod 12844 0x00000000052b2fd0 code [0x00000000052b3220, 0x00000000052b3af8]
Event: 12.080 Thread 0x0000000018c9a000 12847       2       org.gradle.internal.work.DefaultWorkerLeaseService$DefaultWorkerLease::releaseLock (90 bytes)
Event: 12.081 Thread 0x0000000018c9a000 nmethod 12847 0x00000000052b4110 code [0x00000000052b4300, 0x00000000052b49f8]
Event: 12.081 Thread 0x0000000018c9a000 12845       2       com.android.tools.r8.m.a.a.b.P::a (182 bytes)
Event: 12.081 Thread 0x0000000018c9a000 nmethod 12845 0x00000000052b5110 code [0x00000000052b5280, 0x00000000052b56d0]
Event: 12.086 Thread 0x0000000018c9a000 12848       2       java.util.TreeMap::buildFromSorted (218 bytes)
Event: 12.087 Thread 0x0000000018c9a000 nmethod 12848 0x00000000052b59d0 code [0x00000000052b5ba0, 0x00000000052b6138]

GC Heap History (10 events):
Event: 8.675 GC heap before
{Heap before GC invocations=10 (full 3):
 PSYoungGen      total 199168K, used 180736K [0x00000000e0000000, 0x00000000ee100000, 0x0000000100000000)
  eden space 180736K, 100% used [0x00000000e0000000,0x00000000eb080000,0x00000000eb080000)
  from space 18432K, 0% used [0x00000000ec700000,0x00000000ec700000,0x00000000ed900000)
  to   space 23040K, 0% used [0x00000000eb080000,0x00000000eb080000,0x00000000ec700000)
 ParOldGen       total 413696K, used 36759K [0x00000000a0000000, 0x00000000b9400000, 0x00000000e0000000)
  object space 413696K, 8% used [0x00000000a0000000,0x00000000a23e5f88,0x00000000b9400000)
 Metaspace       used 62029K, capacity 64374K, committed 64472K, reserved 1105920K
  class space    used 8417K, capacity 8912K, committed 8960K, reserved 1048576K
Event: 8.693 GC heap after
Heap after GC invocations=10 (full 3):
 PSYoungGen      total 203776K, used 15706K [0x00000000e0000000, 0x00000000f0a80000, 0x0000000100000000)
  eden space 180736K, 0% used [0x00000000e0000000,0x00000000e0000000,0x00000000eb080000)
  from space 23040K, 68% used [0x00000000eb080000,0x00000000ebfd6bd0,0x00000000ec700000)
  to   space 22528K, 0% used [0x00000000ef480000,0x00000000ef480000,0x00000000f0a80000)
 ParOldGen       total 413696K, used 36767K [0x00000000a0000000, 0x00000000b9400000, 0x00000000e0000000)
  object space 413696K, 8% used [0x00000000a0000000,0x00000000a23e7f88,0x00000000b9400000)
 Metaspace       used 62029K, capacity 64374K, committed 64472K, reserved 1105920K
  class space    used 8417K, capacity 8912K, committed 8960K, reserved 1048576K
}
Event: 9.732 GC heap before
{Heap before GC invocations=11 (full 3):
 PSYoungGen      total 203776K, used 196442K [0x00000000e0000000, 0x00000000f0a80000, 0x0000000100000000)
  eden space 180736K, 100% used [0x00000000e0000000,0x00000000eb080000,0x00000000eb080000)
  from space 23040K, 68% used [0x00000000eb080000,0x00000000ebfd6bd0,0x00000000ec700000)
  to   space 22528K, 0% used [0x00000000ef480000,0x00000000ef480000,0x00000000f0a80000)
 ParOldGen       total 413696K, used 36767K [0x00000000a0000000, 0x00000000b9400000, 0x00000000e0000000)
  object space 413696K, 8% used [0x00000000a0000000,0x00000000a23e7f88,0x00000000b9400000)
 Metaspace       used 69838K, capacity 72950K, committed 73176K, reserved 1112064K
  class space    used 9564K, capacity 10168K, committed 10240K, reserved 1048576K
Event: 9.752 GC heap after
Heap after GC invocations=11 (full 3):
 PSYoungGen      total 240640K, used 22515K [0x00000000e0000000, 0x00000000f2500000, 0x0000000100000000)
  eden space 218112K, 0% used [0x00000000e0000000,0x00000000e0000000,0x00000000ed500000)
  from space 22528K, 99% used [0x00000000ef480000,0x00000000f0a7ce10,0x00000000f0a80000)
  to   space 32256K, 0% used [0x00000000ed500000,0x00000000ed500000,0x00000000ef480000)
 ParOldGen       total 413696K, used 54215K [0x00000000a0000000, 0x00000000b9400000, 0x00000000e0000000)
  object space 413696K, 13% used [0x00000000a0000000,0x00000000a34f1d30,0x00000000b9400000)
 Metaspace       used 69838K, capacity 72950K, committed 73176K, reserved 1112064K
  class space    used 9564K, capacity 10168K, committed 10240K, reserved 1048576K
}
Event: 10.639 GC heap before
{Heap before GC invocations=12 (full 3):
 PSYoungGen      total 240640K, used 240627K [0x00000000e0000000, 0x00000000f2500000, 0x0000000100000000)
  eden space 218112K, 100% used [0x00000000e0000000,0x00000000ed500000,0x00000000ed500000)
  from space 22528K, 99% used [0x00000000ef480000,0x00000000f0a7ce10,0x00000000f0a80000)
  to   space 32256K, 0% used [0x00000000ed500000,0x00000000ed500000,0x00000000ef480000)
 ParOldGen       total 413696K, used 54215K [0x00000000a0000000, 0x00000000b9400000, 0x00000000e0000000)
  object space 413696K, 13% used [0x00000000a0000000,0x00000000a34f1d30,0x00000000b9400000)
 Metaspace       used 73836K, capacity 77562K, committed 77656K, reserved 1116160K
  class space    used 10078K, capacity 10800K, committed 10880K, reserved 1048576K
Event: 10.665 GC heap after
Heap after GC invocations=12 (full 3):
 PSYoungGen      total 250368K, used 29721K [0x00000000e0000000, 0x00000000f4a00000, 0x0000000100000000)
  eden space 218112K, 0% used [0x00000000e0000000,0x00000000e0000000,0x00000000ed500000)
  from space 32256K, 92% used [0x00000000ed500000,0x00000000ef206710,0x00000000ef480000)
  to   space 35840K, 0% used [0x00000000f2700000,0x00000000f2700000,0x00000000f4a00000)
 ParOldGen       total 413696K, used 54223K [0x00000000a0000000, 0x00000000b9400000, 0x00000000e0000000)
  object space 413696K, 13% used [0x00000000a0000000,0x00000000a34f3d30,0x00000000b9400000)
 Metaspace       used 73836K, capacity 77562K, committed 77656K, reserved 1116160K
  class space    used 10078K, capacity 10800K, committed 10880K, reserved 1048576K
}
Event: 11.378 GC heap before
{Heap before GC invocations=13 (full 3):
 PSYoungGen      total 250368K, used 247833K [0x00000000e0000000, 0x00000000f4a00000, 0x0000000100000000)
  eden space 218112K, 100% used [0x00000000e0000000,0x00000000ed500000,0x00000000ed500000)
  from space 32256K, 92% used [0x00000000ed500000,0x00000000ef206710,0x00000000ef480000)
  to   space 35840K, 0% used [0x00000000f2700000,0x00000000f2700000,0x00000000f4a00000)
 ParOldGen       total 413696K, used 54223K [0x00000000a0000000, 0x00000000b9400000, 0x00000000e0000000)
  object space 413696K, 13% used [0x00000000a0000000,0x00000000a34f3d30,0x00000000b9400000)
 Metaspace       used 74602K, capacity 78454K, committed 78680K, reserved 1118208K
  class space    used 10145K, capacity 10862K, committed 10880K, reserved 1048576K
Event: 11.398 GC heap after
Heap after GC invocations=13 (full 3):
 PSYoungGen      total 298496K, used 33190K [0x00000000e0000000, 0x00000000f5580000, 0x0000000100000000)
  eden space 262656K, 0% used [0x00000000e0000000,0x00000000e0000000,0x00000000f0080000)
  from space 35840K, 92% used [0x00000000f2700000,0x00000000f47699f0,0x00000000f4a00000)
  to   space 39424K, 0% used [0x00000000f0080000,0x00000000f0080000,0x00000000f2700000)
 ParOldGen       total 413696K, used 54231K [0x00000000a0000000, 0x00000000b9400000, 0x00000000e0000000)
  object space 413696K, 13% used [0x00000000a0000000,0x00000000a34f5d30,0x00000000b9400000)
 Metaspace       used 74602K, capacity 78454K, committed 78680K, reserved 1118208K
  class space    used 10145K, capacity 10862K, committed 10880K, reserved 1048576K
}
Event: 11.781 GC heap before
{Heap before GC invocations=14 (full 3):
 PSYoungGen      total 298496K, used 295846K [0x00000000e0000000, 0x00000000f5580000, 0x0000000100000000)
  eden space 262656K, 100% used [0x00000000e0000000,0x00000000f0080000,0x00000000f0080000)
  from space 35840K, 92% used [0x00000000f2700000,0x00000000f47699f0,0x00000000f4a00000)
  to   space 39424K, 0% used [0x00000000f0080000,0x00000000f0080000,0x00000000f2700000)
 ParOldGen       total 413696K, used 54231K [0x00000000a0000000, 0x00000000b9400000, 0x00000000e0000000)
  object space 413696K, 13% used [0x00000000a0000000,0x00000000a34f5d30,0x00000000b9400000)
 Metaspace       used 75230K, capacity 79148K, committed 79320K, reserved 1118208K
  class space    used 10200K, capacity 10929K, committed 11008K, reserved 1048576K
Event: 11.815 GC heap after
Heap after GC invocations=14 (full 3):
 PSYoungGen      total 302080K, used 39417K [0x00000000e0000000, 0x00000000faf80000, 0x0000000100000000)
  eden space 262656K, 0% used [0x00000000e0000000,0x00000000e0000000,0x00000000f0080000)
  from space 39424K, 99% used [0x00000000f0080000,0x00000000f26fe700,0x00000000f2700000)
  to   space 46080K, 0% used [0x00000000f8280000,0x00000000f8280000,0x00000000faf80000)
 ParOldGen       total 413696K, used 58529K [0x00000000a0000000, 0x00000000b9400000, 0x00000000e0000000)
  object space 413696K, 14% used [0x00000000a0000000,0x00000000a3928508,0x00000000b9400000)
 Metaspace       used 75230K, capacity 79148K, committed 79320K, reserved 1118208K
  class space    used 10200K, capacity 10929K, committed 11008K, reserved 1048576K
}

Deoptimization events (10 events):
Event: 11.580 Thread 0x000000001f48e000 Uncommon trap: reason=bimorphic action=maybe_recompile pc=0x000000000513fa68 method=java.util.Spliterators$IteratorSpliterator.tryAdvance(Ljava/util/function/Consumer;)Z @ 50
Event: 11.580 Thread 0x000000001f48e000 Uncommon trap: reason=bimorphic action=maybe_recompile pc=0x000000000513fa68 method=java.util.Spliterators$IteratorSpliterator.tryAdvance(Ljava/util/function/Consumer;)Z @ 50
Event: 11.586 Thread 0x000000001f490800 Uncommon trap: reason=unstable_if action=reinterpret pc=0x0000000003b819b8 method=sun.nio.fs.WindowsPathParser.isSlash(C)Z @ 9
Event: 11.687 Thread 0x0000000019dce800 Uncommon trap: reason=unstable_if action=reinterpret pc=0x00000000050e8314 method=java.util.TimSort.countRunAndMakeAscending([Ljava/lang/Object;IILjava/util/Comparator;)I @ 27
Event: 11.900 Thread 0x000000001f48e000 Uncommon trap: reason=class_check action=maybe_recompile pc=0x0000000005257fec method=java.util.stream.AbstractPipeline.wrapAndCopyInto(Ljava/util/stream/Sink;Ljava/util/Spliterator;)Ljava/util/stream/Sink; @ 6
Event: 11.900 Thread 0x000000001f48e000 Uncommon trap: reason=class_check action=maybe_recompile pc=0x0000000005257fec method=java.util.stream.AbstractPipeline.wrapAndCopyInto(Ljava/util/stream/Sink;Ljava/util/Spliterator;)Ljava/util/stream/Sink; @ 6
Event: 11.900 Thread 0x000000001f48e000 Uncommon trap: reason=class_check action=maybe_recompile pc=0x0000000005257fec method=java.util.stream.AbstractPipeline.wrapAndCopyInto(Ljava/util/stream/Sink;Ljava/util/Spliterator;)Ljava/util/stream/Sink; @ 6
Event: 11.900 Thread 0x000000001f48e000 Uncommon trap: reason=class_check action=maybe_recompile pc=0x0000000005257fec method=java.util.stream.AbstractPipeline.wrapAndCopyInto(Ljava/util/stream/Sink;Ljava/util/Spliterator;)Ljava/util/stream/Sink; @ 6
Event: 12.078 Thread 0x000000001f48e000 Uncommon trap: reason=class_check action=maybe_recompile pc=0x0000000003cbaf80 method=java.lang.Throwable.<init>(Ljava/lang/String;Ljava/lang/Throwable;)V @ 24
Event: 12.078 Thread 0x000000001b066000 Uncommon trap: reason=class_check action=maybe_recompile pc=0x0000000003cbaf80 method=java.lang.Throwable.<init>(Ljava/lang/String;Ljava/lang/Throwable;)V @ 24

Classes redefined (0 events):
No events

Internal exceptions (10 events):
Event: 12.047 Thread 0x000000001f490800 Exception <a 'sun/nio/fs/WindowsException'> (0x00000000e664d180) thrown at [D:\src\AOSP-openjdk-cygwin\jdk8u\hotspot\src\share\vm\prims\jni.cpp, line 710]
Event: 12.048 Thread 0x000000001f489000 Exception <a 'sun/nio/fs/WindowsException'> (0x00000000e190c9d0) thrown at [D:\src\AOSP-openjdk-cygwin\jdk8u\hotspot\src\share\vm\prims\jni.cpp, line 710]
Event: 12.048 Thread 0x000000001f489000 Exception <a 'sun/nio/fs/WindowsException'> (0x00000000e190d450) thrown at [D:\src\AOSP-openjdk-cygwin\jdk8u\hotspot\src\share\vm\prims\jni.cpp, line 710]
Event: 12.048 Thread 0x000000001f489000 Exception <a 'sun/nio/fs/WindowsException'> (0x00000000e190de58) thrown at [D:\src\AOSP-openjdk-cygwin\jdk8u\hotspot\src\share\vm\prims\jni.cpp, line 710]
Event: 12.049 Thread 0x000000001f489000 Exception <a 'sun/nio/fs/WindowsException'> (0x00000000e190ecb0) thrown at [D:\src\AOSP-openjdk-cygwin\jdk8u\hotspot\src\share\vm\prims\jni.cpp, line 710]
Event: 12.052 Thread 0x000000001f48f800 Exception <a 'sun/nio/fs/WindowsException'> (0x00000000e11dbc50) thrown at [D:\src\AOSP-openjdk-cygwin\jdk8u\hotspot\src\share\vm\prims\jni.cpp, line 710]
Event: 12.064 Thread 0x000000001f491000 Exception <a 'sun/nio/fs/WindowsException'> (0x00000000e7309af8) thrown at [D:\src\AOSP-openjdk-cygwin\jdk8u\hotspot\src\share\vm\prims\jni.cpp, line 710]
Event: 12.075 Thread 0x000000001f48f800 Exception <a 'sun/nio/fs/WindowsException'> (0x00000000e11e24b0) thrown at [D:\src\AOSP-openjdk-cygwin\jdk8u\hotspot\src\share\vm\prims\jni.cpp, line 710]
Event: 12.076 Thread 0x000000001f490800 Exception <a 'sun/nio/fs/WindowsException'> (0x00000000e7a329b8) thrown at [D:\src\AOSP-openjdk-cygwin\jdk8u\hotspot\src\share\vm\prims\jni.cpp, line 710]
Event: 12.077 Thread 0x000000001f48e000 Exception <a 'java/lang/OutOfMemoryError'> (0x00000000e7b23d88) thrown at [D:\src\AOSP-openjdk-cygwin\jdk8u\hotspot\src\share\vm\prims\jni.cpp, line 736]

Events (10 events):
Event: 12.077 loading class com/google/common/util/concurrent/AbstractFuture$Failure$1
Event: 12.077 loading class com/google/common/util/concurrent/AbstractFuture$Failure$1 done
Event: 12.078 Thread 0x000000001f48e000 Uncommon trap: trap_request=0xffffffde fr.pc=0x0000000003cbaf80
Event: 12.078 Thread 0x000000001f48e000 DEOPT PACKING pc=0x0000000003cbaf80 sp=0x00000000269ddba0
Event: 12.078 Thread 0x000000001f48e000 DEOPT UNPACKING pc=0x000000000310557b sp=0x00000000269ddb70 mode 2
Event: 12.078 Thread 0x000000001b066000 Uncommon trap: trap_request=0xffffffde fr.pc=0x0000000003cbaf80
Event: 12.078 Thread 0x000000001b066000 DEOPT PACKING pc=0x0000000003cbaf80 sp=0x000000001c2a9680
Event: 12.078 Thread 0x000000001b066000 DEOPT UNPACKING pc=0x000000000310557b sp=0x000000001c2a9650 mode 2
Event: 12.078 loading class org/gradle/internal/exceptions/DefaultMultiCauseException$1
Event: 12.079 loading class org/gradle/internal/exceptions/DefaultMultiCauseException$1 done


Dynamic libraries:
0x00007ff6336a0000 - 0x00007ff6336d1000 	D:\Android\Android Studio\jre\bin\java.exe
0x00007ffdfef00000 - 0x00007ffdff0f0000 	C:\WINDOWS\SYSTEM32\ntdll.dll
0x00007ffdfe0e0000 - 0x00007ffdfe192000 	C:\WINDOWS\System32\KERNEL32.DLL
0x00007ffdfc0c0000 - 0x00007ffdfc363000 	C:\WINDOWS\System32\KERNELBASE.dll
0x00007ffdfdad0000 - 0x00007ffdfdb73000 	C:\WINDOWS\System32\ADVAPI32.dll
0x00007ffdfd210000 - 0x00007ffdfd2ae000 	C:\WINDOWS\System32\msvcrt.dll
0x00007ffdfeca0000 - 0x00007ffdfed37000 	C:\WINDOWS\System32\sechost.dll
0x00007ffdfdc50000 - 0x00007ffdfdd70000 	C:\WINDOWS\System32\RPCRT4.dll
0x00007ffdfeb00000 - 0x00007ffdfec94000 	C:\WINDOWS\System32\USER32.dll
0x00007ffdfbfc0000 - 0x00007ffdfbfe1000 	C:\WINDOWS\System32\win32u.dll
0x00007ffdfd1e0000 - 0x00007ffdfd206000 	C:\WINDOWS\System32\GDI32.dll
0x00007ffdfc370000 - 0x00007ffdfc504000 	C:\WINDOWS\System32\gdi32full.dll
0x00007ffdfbff0000 - 0x00007ffdfc08e000 	C:\WINDOWS\System32\msvcp_win.dll
0x00007ffdfc510000 - 0x00007ffdfc60a000 	C:\WINDOWS\System32\ucrtbase.dll
0x00007ffdef950000 - 0x00007ffdefbd5000 	C:\WINDOWS\WinSxS\amd64_microsoft.windows.common-controls_6595b64144ccf1df_6.0.18362.476_none_e6c4b11b130f2595\COMCTL32.dll
0x00007ffdfd2b0000 - 0x00007ffdfd5e6000 	C:\WINDOWS\System32\combase.dll
0x00007ffdfbf40000 - 0x00007ffdfbfc0000 	C:\WINDOWS\System32\bcryptPrimitives.dll
0x00007ffdfdc00000 - 0x00007ffdfdc2e000 	C:\WINDOWS\System32\IMM32.DLL
0x00000000691e0000 - 0x00000000692b2000 	D:\Android\Android Studio\jre\jre\bin\msvcr100.dll
0x00000000692c0000 - 0x0000000069b06000 	D:\Android\Android Studio\jre\jre\bin\server\jvm.dll
0x00007ffdfdf70000 - 0x00007ffdfdf78000 	C:\WINDOWS\System32\PSAPI.DLL
0x00007ffdf74a0000 - 0x00007ffdf74aa000 	C:\WINDOWS\SYSTEM32\VERSION.dll
0x00007ffdf7ca0000 - 0x00007ffdf7cc4000 	C:\WINDOWS\SYSTEM32\WINMM.dll
0x00007ffdeb8a0000 - 0x00007ffdeb8a9000 	C:\WINDOWS\SYSTEM32\WSOCK32.dll
0x00007ffdfdf00000 - 0x00007ffdfdf6f000 	C:\WINDOWS\System32\WS2_32.dll
0x00007ffdf7b60000 - 0x00007ffdf7b8d000 	C:\WINDOWS\SYSTEM32\WINMMBASE.dll
0x00007ffdfbef0000 - 0x00007ffdfbf3a000 	C:\WINDOWS\System32\cfgmgr32.dll
0x00007ffdf88f0000 - 0x00007ffdf88ff000 	D:\Android\Android Studio\jre\jre\bin\verify.dll
0x00007ffdf7b90000 - 0x00007ffdf7bb9000 	D:\Android\Android Studio\jre\jre\bin\java.dll
0x00007ffdf8850000 - 0x00007ffdf8866000 	D:\Android\Android Studio\jre\jre\bin\zip.dll
0x00007ffdfe360000 - 0x00007ffdfea45000 	C:\WINDOWS\System32\SHELL32.dll
0x00007ffdfee10000 - 0x00007ffdfeeb9000 	C:\WINDOWS\System32\shcore.dll
0x00007ffdfc830000 - 0x00007ffdfcfae000 	C:\WINDOWS\System32\windows.storage.dll
0x00007ffdfbe00000 - 0x00007ffdfbe1f000 	C:\WINDOWS\System32\profapi.dll
0x00007ffdfbe40000 - 0x00007ffdfbe8a000 	C:\WINDOWS\System32\powrprof.dll
0x00007ffdfbdd0000 - 0x00007ffdfbde0000 	C:\WINDOWS\System32\UMPDC.dll
0x00007ffdfdea0000 - 0x00007ffdfdef2000 	C:\WINDOWS\System32\shlwapi.dll
0x00007ffdfbe20000 - 0x00007ffdfbe31000 	C:\WINDOWS\System32\kernel.appcore.dll
0x00007ffdfc760000 - 0x00007ffdfc777000 	C:\WINDOWS\System32\cryptsp.dll
0x00007ffde6710000 - 0x00007ffde672a000 	D:\Android\Android Studio\jre\jre\bin\net.dll
0x00007ffdfb640000 - 0x00007ffdfb6a7000 	C:\WINDOWS\system32\mswsock.dll
0x00007ffde63f0000 - 0x00007ffde6401000 	D:\Android\Android Studio\jre\jre\bin\nio.dll
0x00007ffde6a50000 - 0x00007ffde6a76000 	C:\Users\webma\.gradle\native\29\windows-amd64\native-platform.dll
0x00007ffde6a40000 - 0x00007ffde6a4d000 	D:\Android\Android Studio\jre\jre\bin\management.dll
0x00007ffdfb1b0000 - 0x00007ffdfb1e3000 	C:\WINDOWS\system32\rsaenh.dll
0x00007ffdfc090000 - 0x00007ffdfc0b6000 	C:\WINDOWS\System32\bcrypt.dll
0x00007ffdfbcc0000 - 0x00007ffdfbce5000 	C:\WINDOWS\SYSTEM32\USERENV.dll
0x00007ffdfb810000 - 0x00007ffdfb81c000 	C:\WINDOWS\SYSTEM32\CRYPTBASE.dll
0x00007ffdfb350000 - 0x00007ffdfb38a000 	C:\WINDOWS\SYSTEM32\IPHLPAPI.DLL
0x00007ffdfdbf0000 - 0x00007ffdfdbf8000 	C:\WINDOWS\System32\NSI.dll
0x00007ffdeff20000 - 0x00007ffdeff36000 	C:\WINDOWS\SYSTEM32\dhcpcsvc6.DLL
0x00007ffdeff00000 - 0x00007ffdeff1c000 	C:\WINDOWS\SYSTEM32\dhcpcsvc.DLL
0x00007ffdfb390000 - 0x00007ffdfb45a000 	C:\WINDOWS\SYSTEM32\DNSAPI.dll

VM Arguments:
jvm_args: -Xmx1536m -Dfile.encoding=windows-1252 -Duser.country=AU -Duser.language=en -Duser.variant 
java_command: org.gradle.launcher.daemon.bootstrap.GradleDaemon 5.4.1
java_class_path (initial): C:\Users\webma\.gradle\wrapper\dists\gradle-5.4.1-all\3221gyojl5jsh0helicew7rwx\gradle-5.4.1\lib\gradle-launcher-5.4.1.jar
Launcher Type: SUN_STANDARD

Environment Variables:
PATH=C:\ProgramData\Oracle\Java\javapath;C:\WINDOWS\system32;C:\WINDOWS;C:\WINDOWS\System32\Wbem;C:\WINDOWS\System32\WindowsPowerShell\v1.0\;C:\Program Files (x86)\NVIDIA Corporation\PhysX\Common;C:\Program Files\Microsoft SQL Server\130\Tools\Binn\;C:\Program Files\dotnet\;C:\Program Files (x86)\GtkSharp\2.12\bin;C:\Users\webma\.dnx\bin;C:\Program Files\Microsoft DNX\Dnvm\;C:\Program Files (x86)\Microsoft Emulator Manager\1.0\;D:\Program Files\Brackets\command;D:\Python;D:\Python\Scripts;C:\WINDOWS\System32\OpenSSH\;C:\Program Files\Git\cmd;C:\Program Files (x86)\Calibre2\;C:\Program Files\NVIDIA Corporation\NVIDIA NvDLISR;D:\Program Files\TortoiseGit\bin;D:\Program Files\nodejs\;D:\Program Files\Microsoft VS Code\bin;C:\WINDOWS\system32;C:\WINDOWS;C:\WINDOWS\System32\Wbem;C:\WINDOWS\System32\WindowsPowerShell\v1.0\;C:\WINDOWS\System32\OpenSSH\;C:\Program Files (x86)\Common Files\Propellerhead Software\ReWire\;C:\Program Files\Common Files\Propellerhead Software\ReWire\;D:\Program Files\Dart\dart-sdk\bin;D:\Python\Scripts\;D:\Python\;C:\Users\webma\AppData\Local\Microsoft\WindowsApps;D:\Program Files\Microsoft VS Code\bin;D:\Android\sdk\tools;D:\Android\sdk\platform-tools;D:\Program Files\Java\jdk-10.0.2\bin;C:\Users\webma\AppData\Local\GitHubDesktop\bin;D:\kotlinc\bin;D:\Gradle\gradle-5.4.1\bin;C:\Users\webma\AppData\Roaming\npm;D:\JetBrains\IntelliJ IDEA Community Edition 2019.1.1\bin;;D:\Program Files\JetBrains\PyCharm Community Edition 2019.1.2\bin;;D:\MinGw\bin;D:\bin;D:\xampp\php;D:\My Documents\github\exercism;C:\Users\webma\AppData\Local\Microsoft\WindowsApps;D:\Program Files\MongoDB\Server\4.2\bin;D:\Program Files\PostgreSQL\12\bin;
USERNAME=webma
OS=Windows_NT
PROCESSOR_IDENTIFIER=Intel64 Family 6 Model 58 Stepping 9, GenuineIntel



---------------  S Y S T E M  ---------------

OS: Windows 10.0 , 64 bit Build 18362 (10.0.18362.329)

CPU:total 8 (initial active 8) (4 cores per cpu, 2 threads per core) family 6 model 58 stepping 9, cmov, cx8, fxsr, mmx, sse, sse2, sse3, ssse3, sse4.1, sse4.2, popcnt, avx, aes, clmul, erms, ht, tsc, tscinvbit, tscinv

Memory: 4k page, physical 25107784k(6653048k free), swap 29162824k(1180k free)

vm_info: OpenJDK 64-Bit Server VM (25.202-b03) for windows-amd64 JRE (1.8.0_202-release-1483-b03), built by "builder" with MS VC++ 10.0 (VS2010)

time: Thu Nov 28 23:06:24 2019
timezone: AUS Eastern Summer Time
elapsed time: 12 seconds (0d 0h 0m 12s)

