#
# There is insufficient memory for the Java Runtime Environment to continue.
# Native memory allocation (malloc) failed to allocate 74128 bytes for Chunk::new
# Possible reasons:
#   The system is out of physical RAM or swap space
#   The process is running with CompressedOops enabled, and the Java Heap may be blocking the growth of the native heap
# Possible solutions:
#   Reduce memory load on the system
#   Increase physical memory or swap space
#   Check if swap backing store is full
#   Decrease Java heap size (-Xmx/-Xms)
#   Decrease number of Java threads
#   Decrease Java thread stack sizes (-Xss)
#   Set larger code cache with -XX:ReservedCodeCacheSize=
#   JVM is running with Unscaled Compressed Oops mode in which the Java heap is
#     placed in the first 4GB address space. The Java Heap base address is the
#     maximum limit for the native heap growth. Please use -XX:HeapBaseMinAddress
#     to set the Java Heap base and to place the Java Heap above 4GB virtual address.
# This output file may be truncated or incomplete.
#
#  Out of Memory Error (allocation.cpp:389), pid=24528, tid=0x0000000000000eb8
#
# JRE version: OpenJDK Runtime Environment (8.0_202-b03) (build 1.8.0_202-release-1483-b03)
# Java VM: OpenJDK 64-Bit Server VM (25.202-b03 mixed mode windows-amd64 compressed oops)
# Failed to write core dump. Minidumps are not enabled by default on client versions of Windows
#

---------------  T H R E A D  ---------------

Current thread (0x0000000018821000):  JavaThread "C2 CompilerThread2" daemon [_thread_in_native, id=3768, stack(0x00000000192e0000,0x00000000193e0000)]

Stack: [0x00000000192e0000,0x00000000193e0000]
[error occurred during error reporting (printing stack bounds), id 0xc0000005]

Native frames: (J=compiled Java code, j=interpreted, Vv=VM code, C=native code)


Current CompileTask:
C2: 558372 17244       4       org.objectweb.asm.ClassReader::readAnnotationValue (1211 bytes)


---------------  P R O C E S S  ---------------

Java Threads: ( => current thread )
  0x000000001ca96000 JavaThread "ForkJoinPool.commonPool-worker-7" daemon [_thread_blocked, id=19852, stack(0x000000002bee0000,0x000000002bfe0000)]
  0x000000001ca96800 JavaThread "ForkJoinPool.commonPool-worker-6" daemon [_thread_blocked, id=4636, stack(0x000000002bb20000,0x000000002bc20000)]
  0x000000001ca98000 JavaThread "ForkJoinPool.commonPool-worker-5" daemon [_thread_blocked, id=12816, stack(0x000000002b780000,0x000000002b880000)]
  0x000000001e7b0000 JavaThread "ForkJoinPool.commonPool-worker-4" daemon [_thread_blocked, id=19192, stack(0x000000002b680000,0x000000002b780000)]
  0x000000001e2d0000 JavaThread "ForkJoinPool.commonPool-worker-3" daemon [_thread_blocked, id=24604, stack(0x000000002b580000,0x000000002b680000)]
  0x000000001e2cd800 JavaThread "ForkJoinPool.commonPool-worker-2" daemon [_thread_blocked, id=17456, stack(0x000000002b480000,0x000000002b580000)]
  0x000000001dc84000 JavaThread "ForkJoinPool.commonPool-worker-1" daemon [_thread_blocked, id=20388, stack(0x000000002aa80000,0x000000002ab80000)]
  0x000000001dc7f000 JavaThread "Cache worker for Java compile cache (D:\AndroidStudioProjects\myProjects\pomodoro\.gradle\5.4.1\javaCompile)" [_thread_blocked, id=24740, stack(0x000000002b180000,0x000000002b280000)]
  0x000000001dc7e000 JavaThread "Cache worker for Java compile cache (C:\Users\webma\.gradle\caches\5.4.1\javaCompile)" [_thread_blocked, id=19792, stack(0x000000002b080000,0x000000002b180000)]
  0x000000001dc7f800 JavaThread "WorkerExecutor Queue Thread 9" [_thread_blocked, id=9944, stack(0x000000002af80000,0x000000002b080000)]
  0x000000001dc83800 JavaThread "RMI TCP Connection(1)-127.0.0.1" daemon [_thread_in_native, id=22484, stack(0x000000002ae80000,0x000000002af80000)]
  0x000000001dc81000 JavaThread "RMI Reaper" [_thread_blocked, id=10696, stack(0x000000002ad80000,0x000000002ae80000)]
  0x000000001dc82000 JavaThread "RMI TCP Accept-0" daemon [_thread_in_native, id=22340, stack(0x000000002ac80000,0x000000002ad80000)]
  0x000000001dc7d800 JavaThread "GC Daemon" daemon [_thread_blocked, id=18640, stack(0x000000002ab80000,0x000000002ac80000)]
  0x000000001dc76000 JavaThread "RMI Scheduler(0)" daemon [_thread_blocked, id=20492, stack(0x0000000028f80000,0x0000000029080000)]
  0x000000001dc78000 JavaThread "stdout" [_thread_in_native, id=14708, stack(0x000000002a780000,0x000000002a880000)]
  0x000000001dc77800 JavaThread "stderr" [_thread_in_native, id=10204, stack(0x000000002a680000,0x000000002a780000)]
  0x000000001dc76800 JavaThread "stdout" [_thread_in_native, id=9140, stack(0x000000002a580000,0x000000002a680000)]
  0x000000001dc79000 JavaThread "stderr" [_thread_in_native, id=24260, stack(0x000000002a480000,0x000000002a580000)]
  0x000000001dc7a800 JavaThread "stdout" [_thread_in_native, id=9912, stack(0x000000002a380000,0x000000002a480000)]
  0x000000001dc7b000 JavaThread "stderr" [_thread_in_native, id=19860, stack(0x000000002a280000,0x000000002a380000)]
  0x000000001dc79800 JavaThread "stdout" [_thread_in_native, id=24680, stack(0x000000002a180000,0x000000002a280000)]
  0x000000001edbe800 JavaThread "stderr" [_thread_in_native, id=24780, stack(0x000000002a080000,0x000000002a180000)]
  0x000000001e7b3000 JavaThread "stdout" [_thread_in_native, id=24892, stack(0x0000000029f80000,0x000000002a080000)]
  0x000000001e7aa800 JavaThread "stderr" [_thread_in_native, id=7200, stack(0x0000000029e80000,0x0000000029f80000)]
  0x000000001e2d7800 JavaThread "stdout" [_thread_in_native, id=22852, stack(0x0000000029d80000,0x0000000029e80000)]
  0x000000001e2d6800 JavaThread "stderr" [_thread_in_native, id=21036, stack(0x0000000029c80000,0x0000000029d80000)]
  0x000000001e2d4800 JavaThread "WorkerExecutor Queue Thread 8" [_thread_in_native, id=10392, stack(0x0000000029a80000,0x0000000029b80000)]
  0x000000001e2d3800 JavaThread "stdout" [_thread_in_native, id=9664, stack(0x0000000029980000,0x0000000029a80000)]
  0x000000001e2d8000 JavaThread "stderr" [_thread_in_native, id=7424, stack(0x0000000029880000,0x0000000029980000)]
  0x000000001e2d6000 JavaThread "stdout" [_thread_in_native, id=20096, stack(0x0000000029780000,0x0000000029880000)]
  0x000000001e2d5000 JavaThread "stderr" [_thread_in_native, id=15912, stack(0x0000000029680000,0x0000000029780000)]
  0x000000001e2cc000 JavaThread "WorkerExecutor Queue Thread 7" [_thread_blocked, id=3660, stack(0x0000000029580000,0x0000000029680000)]
  0x000000001e2d3000 JavaThread "WorkerExecutor Queue Thread 6" [_thread_blocked, id=23348, stack(0x0000000029480000,0x0000000029580000)]
  0x000000001e2d2000 JavaThread "WorkerExecutor Queue Thread 5" [_thread_blocked, id=5652, stack(0x0000000029380000,0x0000000029480000)]
  0x000000001e2ca800 JavaThread "pool-6-thread-1" [_thread_blocked, id=24180, stack(0x0000000029280000,0x0000000029380000)]
  0x000000001e2d1800 JavaThread "WorkerExecutor Queue Thread 4" [_thread_blocked, id=17292, stack(0x0000000029180000,0x0000000029280000)]
  0x000000001e2cd000 JavaThread "WorkerExecutor Queue Thread 3" [_thread_blocked, id=23584, stack(0x0000000029080000,0x0000000029180000)]
  0x000000001e2ce800 JavaThread "WorkerExecutor Queue" [_thread_blocked, id=24280, stack(0x0000000028e80000,0x0000000028f80000)]
  0x000000001e2ca000 JavaThread "Cache worker for execution history cache (D:\AndroidStudioProjects\myProjects\pomodoro\.gradle\5.4.1\executionHistory)" [_thread_blocked, id=13492, stack(0x0000000028b80000,0x0000000028c80000)]
  0x000000001e7b5000 JavaThread "Execution worker for ':' Thread 7" [_thread_blocked, id=19768, stack(0x0000000028a80000,0x0000000028b80000)]
  0x000000001e7b4800 JavaThread "Execution worker for ':' Thread 6" [_thread_blocked, id=14412, stack(0x0000000028980000,0x0000000028a80000)]
  0x000000001e7b3800 JavaThread "Execution worker for ':' Thread 5" [_thread_blocked, id=19676, stack(0x0000000028880000,0x0000000028980000)]
  0x000000001e7b1800 JavaThread "Execution worker for ':' Thread 4" [_thread_blocked, id=11664, stack(0x0000000028780000,0x0000000028880000)]
  0x000000001e7aa000 JavaThread "Execution worker for ':' Thread 3" [_thread_in_native, id=19556, stack(0x00000000283b0000,0x00000000284b0000)]
  0x000000001e7b0800 JavaThread "Execution worker for ':' Thread 2" [_thread_in_native, id=11164, stack(0x00000000282b0000,0x00000000283b0000)]
  0x000000001e7a9000 JavaThread "Execution worker for ':'" [_thread_in_vm, id=18672, stack(0x00000000270f0000,0x00000000271f0000)]
  0x000000001e7af000 JavaThread "Cache worker for file content cache (D:\AndroidStudioProjects\myProjects\pomodoro\.gradle\5.4.1\fileContent)" [_thread_blocked, id=21824, stack(0x0000000026ff0000,0x00000000270f0000)]
  0x000000001e7ad000 JavaThread "Cache worker for file content cache (C:\Users\webma\.gradle\caches\5.4.1\fileContent)" [_thread_blocked, id=20508, stack(0x0000000026ef0000,0x0000000026ff0000)]
  0x000000001edc7000 JavaThread "Cache worker for Build Output Cleanup Cache (D:\AndroidStudioProjects\myProjects\pomodoro\.gradle\buildOutputCleanup)" [_thread_blocked, id=24520, stack(0x0000000026df0000,0x0000000026ef0000)]
  0x000000001edc6000 JavaThread "pool-5-thread-1" [_thread_blocked, id=10972, stack(0x0000000025220000,0x0000000025320000)]
  0x000000001edc5800 JavaThread "Build operations Thread 8" [_thread_blocked, id=12148, stack(0x0000000024850000,0x0000000024950000)]
  0x000000001edc4800 JavaThread "Build operations Thread 7" [_thread_blocked, id=25368, stack(0x0000000024550000,0x0000000024650000)]
  0x000000001edc4000 JavaThread "Build operations Thread 6" [_thread_blocked, id=20220, stack(0x0000000023b30000,0x0000000023c30000)]
  0x000000001edc3000 JavaThread "Build operations Thread 5" [_thread_blocked, id=11276, stack(0x0000000023620000,0x0000000023720000)]
  0x000000001edc7800 JavaThread "Build operations Thread 4" [_thread_blocked, id=21400, stack(0x0000000023520000,0x0000000023620000)]
  0x000000001edc1800 JavaThread "Build operations Thread 3" [_thread_blocked, id=22384, stack(0x0000000023420000,0x0000000023520000)]
  0x000000001edc2800 JavaThread "Build operations Thread 2" [_thread_blocked, id=24100, stack(0x0000000023320000,0x0000000023420000)]
  0x000000001edbd000 JavaThread "Build operations" [_thread_blocked, id=22408, stack(0x00000000229b0000,0x0000000022ab0000)]
  0x000000001edba000 JavaThread "Cache worker for cache directory md-rule (C:\Users\webma\.gradle\caches\5.4.1\md-rule)" [_thread_blocked, id=24580, stack(0x00000000224b0000,0x00000000225b0000)]
  0x000000001edc1000 JavaThread "Cache worker for cache directory md-supplier (C:\Users\webma\.gradle\caches\5.4.1\md-supplier)" [_thread_blocked, id=2560, stack(0x000000001fda0000,0x000000001fea0000)]
  0x000000001edb9800 JavaThread "Cache worker for file hash cache (D:\AndroidStudioProjects\myProjects\pomodoro\.gradle\5.4.1\fileHashes)" [_thread_blocked, id=23968, stack(0x000000001fca0000,0x000000001fda0000)]
  0x000000001edbc800 JavaThread "Thread-80" [_thread_blocked, id=10780, stack(0x000000001fba0000,0x000000001fca0000)]
  0x000000001edbb000 JavaThread "Stdin handler" [_thread_blocked, id=25348, stack(0x000000001be30000,0x000000001bf30000)]
  0x000000001edc0000 JavaThread "Asynchronous log dispatcher for DefaultDaemonConnection: socket connection from /127.0.0.1:3859 to /127.0.0.1:4171" [_thread_blocked, id=22860, stack(0x000000001bd30000,0x000000001be30000)]
  0x000000001edbb800 JavaThread "Cancel handler" [_thread_blocked, id=11496, stack(0x0000000000fe0000,0x00000000010e0000)]
  0x000000001edbf800 JavaThread "Handler for socket connection from /127.0.0.1:3859 to /127.0.0.1:4171" [_thread_in_native, id=25540, stack(0x0000000000ee0000,0x0000000000fe0000)]
  0x000000001edb8800 JavaThread "Daemon worker Thread 2" [_thread_in_vm, id=22792, stack(0x000000001b830000,0x000000001b930000)]
  0x000000001edbe000 JavaThread "Daemon Thread 2" [_thread_blocked, id=6180, stack(0x0000000000de0000,0x0000000000ee0000)]
  0x000000001e7b2000 JavaThread "Memory manager" [_thread_blocked, id=24460, stack(0x0000000023e30000,0x0000000023f30000)]
  0x000000001e7ae800 JavaThread "Cache worker for execution history cache (C:\Users\webma\.gradle\caches\5.4.1\executionHistory)" [_thread_blocked, id=19068, stack(0x000000001faa0000,0x000000001fba0000)]
  0x0000000018826000 JavaThread "Cache worker for journal cache (C:\Users\webma\.gradle\caches\journal-1)" [_thread_blocked, id=21168, stack(0x000000001d400000,0x000000001d500000)]
  0x0000000018820000 JavaThread "File lock request listener" [_thread_in_native, id=23192, stack(0x000000001d300000,0x000000001d400000)]
  0x0000000018824800 JavaThread "Cache worker for file hash cache (C:\Users\webma\.gradle\caches\5.4.1\fileHashes)" [_thread_blocked, id=12716, stack(0x000000001d200000,0x000000001d300000)]
  0x000000001ab91800 JavaThread "Daemon periodic checks" [_thread_blocked, id=20848, stack(0x000000001b730000,0x000000001b830000)]
  0x000000001aba5000 JavaThread "Incoming local TCP Connector on port 3859" [_thread_in_native, id=1340, stack(0x000000001b4f0000,0x000000001b5f0000)]
  0x000000001ab71800 JavaThread "Daemon health stats" [_thread_blocked, id=19084, stack(0x000000001aeb0000,0x000000001afb0000)]
  0x00000000188c3800 JavaThread "Service Thread" daemon [_thread_blocked, id=8636, stack(0x00000000194e0000,0x00000000195e0000)]
  0x0000000018824000 JavaThread "C1 CompilerThread3" daemon [_thread_blocked, id=21548, stack(0x00000000193e0000,0x00000000194e0000)]
=>0x0000000018821000 JavaThread "C2 CompilerThread2" daemon [_thread_in_native, id=3768, stack(0x00000000192e0000,0x00000000193e0000)]
  0x0000000018813800 JavaThread "C2 CompilerThread1" daemon [_thread_in_native, id=6748, stack(0x00000000191e0000,0x00000000192e0000)]
  0x000000001880f000 JavaThread "C2 CompilerThread0" daemon [_thread_in_native, id=16892, stack(0x00000000190e0000,0x00000000191e0000)]
  0x0000000018809800 JavaThread "Attach Listener" daemon [_thread_blocked, id=18800, stack(0x0000000018fe0000,0x00000000190e0000)]
  0x0000000018808800 JavaThread "Signal Dispatcher" daemon [_thread_blocked, id=2960, stack(0x0000000018ee0000,0x0000000018fe0000)]
  0x0000000018801000 JavaThread "Finalizer" daemon [_thread_blocked, id=24984, stack(0x0000000018ce0000,0x0000000018de0000)]
  0x0000000018800800 JavaThread "Reference Handler" daemon [_thread_blocked, id=2492, stack(0x0000000018be0000,0x0000000018ce0000)]
  0x0000000002b0e800 JavaThread "main" [_thread_blocked, id=13032, stack(0x00000000029c0000,0x0000000002ac0000)]

Other Threads:
  0x0000000016a18800 VMThread [stack: 0x00000000186e0000,0x00000000187e0000] [id=15608]
  0x00000000188c4000 WatcherThread [stack: 0x00000000195e0000,0x00000000196e0000] [id=2128]

VM state:not at safepoint (normal execution)

VM Mutex/Monitor currently owned by a thread:  ([mutex/lock_event])
[0x0000000002b0d850] SystemDictionary_lock - owner thread: 0x0000000000000000

OutOfMemory and StackOverflow Exception counts:
OutOfMemoryError java_heap_errors=1

heap address: 0x00000000a0000000, size: 1536 MB, Compressed Oops mode: 32-bit
Narrow klass base: 0x0000000000000000, Narrow klass shift: 3
Compressed class space size: 1073741824 Address: 0x0000000100000000

Heap:
 PSYoungGen      total 297984K, used 95240K [0x00000000e0000000, 0x00000000f5700000, 0x0000000100000000)
  eden space 253952K, 21% used [0x00000000e0000000,0x00000000e35ae620,0x00000000ef800000)
  from space 44032K, 91% used [0x00000000f2700000,0x00000000f4e53c48,0x00000000f5200000)
  to   space 48128K, 0% used [0x00000000ef800000,0x00000000ef800000,0x00000000f2700000)
 ParOldGen       total 416768K, used 86089K [0x00000000a0000000, 0x00000000b9700000, 0x00000000e0000000)
  object space 416768K, 20% used [0x00000000a0000000,0x00000000a5412630,0x00000000b9700000)
 Metaspace       used 93174K, capacity 97678K, committed 97880K, reserved 1134592K
  class space    used 11994K, capacity 12838K, committed 12928K, reserved 1048576K

Card table byte_map: [0x0000000012020000,0x0000000012330000] byte_map_base: 0x0000000011b20000

Marking Bits: (ParMarkBitMap*) 0x0000000069a89f30
 Begin Bits: [0x0000000012d30000, 0x0000000014530000)
 End Bits:   [0x0000000014530000, 0x0000000015d30000)

Polling page: 0x00000000009f0000

CodeCache: size=245760Kb used=50596Kb max_used=50704Kb free=195163Kb
 bounds [0x0000000002c60000, 0x0000000005e30000, 0x0000000011c60000]
 total_blobs=15451 nmethods=14545 adapters=817
 compilation: enabled

Compilation events (10 events):
Event: 558.359 Thread 0x0000000018824000 nmethod 17455 0x0000000003c9e090 code [0x0000000003c9e220, 0x0000000003c9e790]
Event: 558.359 Thread 0x0000000018824000 17452       3       com.android.tools.r8.t.a.a.f::f (26 bytes)
Event: 558.360 Thread 0x0000000018824000 nmethod 17452 0x0000000005493610 code [0x0000000005493760, 0x0000000005493910]
Event: 558.360 Thread 0x0000000018824000 17456       3       com.android.tools.build.apkzlib.zip.FileUseMap::add (50 bytes)
Event: 558.360 Thread 0x0000000018824000 nmethod 17456 0x0000000005082690 code [0x00000000050828c0, 0x00000000050832a8]
Event: 558.360 Thread 0x0000000018824000 17458       3       java.nio.Bits::makeInt (29 bytes)
Event: 558.361 Thread 0x0000000018824000 nmethod 17458 0x000000000366f790 code [0x000000000366f8e0, 0x000000000366fa30]
Event: 558.361 Thread 0x0000000018824000 17459       1       com.android.builder.files.DirectoryEntry::getName (5 bytes)
Event: 558.361 Thread 0x0000000018824000 nmethod 17459 0x000000000366f410 code [0x000000000366f560, 0x000000000366f670]
Event: 558.361 Thread 0x0000000018824000 17461       3       java.lang.invoke.MethodHandles$Lookup::linkMethodHandleConstant (185 bytes)

GC Heap History (10 events):
Event: 508.734 GC heap before
{Heap before GC invocations=13 (full 3):
 PSYoungGen      total 201216K, used 201205K [0x00000000e0000000, 0x00000000f0380000, 0x0000000100000000)
  eden space 175104K, 100% used [0x00000000e0000000,0x00000000eab00000,0x00000000eab00000)
  from space 26112K, 99% used [0x00000000eab00000,0x00000000ec47d500,0x00000000ec480000)
  to   space 32256K, 0% used [0x00000000ee400000,0x00000000ee400000,0x00000000f0380000)
 ParOldGen       total 416768K, used 47952K [0x00000000a0000000, 0x00000000b9700000, 0x00000000e0000000)
  object space 416768K, 11% used [0x00000000a0000000,0x00000000a2ed43f0,0x00000000b9700000)
 Metaspace       used 76061K, capacity 79166K, committed 79448K, reserved 1118208K
  class space    used 9995K, capacity 10617K, committed 10624K, reserved 1048576K
Event: 508.762 GC heap after
Heap after GC invocations=13 (full 3):
 PSYoungGen      total 229376K, used 32237K [0x00000000e0000000, 0x00000000f1680000, 0x0000000100000000)
  eden space 197120K, 0% used [0x00000000e0000000,0x00000000e0000000,0x00000000ec080000)
  from space 32256K, 99% used [0x00000000ee400000,0x00000000f037b488,0x00000000f0380000)
  to   space 36352K, 0% used [0x00000000ec080000,0x00000000ec080000,0x00000000ee400000)
 ParOldGen       total 416768K, used 48116K [0x00000000a0000000, 0x00000000b9700000, 0x00000000e0000000)
  object space 416768K, 11% used [0x00000000a0000000,0x00000000a2efd218,0x00000000b9700000)
 Metaspace       used 76061K, capacity 79166K, committed 79448K, reserved 1118208K
  class space    used 9995K, capacity 10617K, committed 10624K, reserved 1048576K
}
Event: 539.093 GC heap before
{Heap before GC invocations=14 (full 3):
 PSYoungGen      total 229376K, used 229357K [0x00000000e0000000, 0x00000000f1680000, 0x0000000100000000)
  eden space 197120K, 100% used [0x00000000e0000000,0x00000000ec080000,0x00000000ec080000)
  from space 32256K, 99% used [0x00000000ee400000,0x00000000f037b488,0x00000000f0380000)
  to   space 36352K, 0% used [0x00000000ec080000,0x00000000ec080000,0x00000000ee400000)
 ParOldGen       total 416768K, used 48116K [0x00000000a0000000, 0x00000000b9700000, 0x00000000e0000000)
  object space 416768K, 11% used [0x00000000a0000000,0x00000000a2efd218,0x00000000b9700000)
 Metaspace       used 79192K, capacity 83140K, committed 83288K, reserved 1122304K
  class space    used 10363K, capacity 11105K, committed 11136K, reserved 1048576K
Event: 539.113 GC heap after
Heap after GC invocations=14 (full 3):
 PSYoungGen      total 233472K, used 20584K [0x00000000e0000000, 0x00000000f2780000, 0x0000000100000000)
  eden space 197120K, 0% used [0x00000000e0000000,0x00000000e0000000,0x00000000ec080000)
  from space 36352K, 56% used [0x00000000ec080000,0x00000000ed49a088,0x00000000ee400000)
  to   space 35328K, 0% used [0x00000000f0500000,0x00000000f0500000,0x00000000f2780000)
 ParOldGen       total 416768K, used 65980K [0x00000000a0000000, 0x00000000b9700000, 0x00000000e0000000)
  object space 416768K, 15% used [0x00000000a0000000,0x00000000a406f098,0x00000000b9700000)
 Metaspace       used 79192K, capacity 83140K, committed 83288K, reserved 1122304K
  class space    used 10363K, capacity 11105K, committed 11136K, reserved 1048576K
}
Event: 542.748 GC heap before
{Heap before GC invocations=15 (full 3):
 PSYoungGen      total 233472K, used 217704K [0x00000000e0000000, 0x00000000f2780000, 0x0000000100000000)
  eden space 197120K, 100% used [0x00000000e0000000,0x00000000ec080000,0x00000000ec080000)
  from space 36352K, 56% used [0x00000000ec080000,0x00000000ed49a088,0x00000000ee400000)
  to   space 35328K, 0% used [0x00000000f0500000,0x00000000f0500000,0x00000000f2780000)
 ParOldGen       total 416768K, used 65980K [0x00000000a0000000, 0x00000000b9700000, 0x00000000e0000000)
  object space 416768K, 15% used [0x00000000a0000000,0x00000000a406f098,0x00000000b9700000)
 Metaspace       used 80990K, capacity 84992K, committed 85336K, reserved 1124352K
  class space    used 10520K, capacity 11285K, committed 11392K, reserved 1048576K
Event: 542.771 GC heap after
Heap after GC invocations=15 (full 3):
 PSYoungGen      total 260096K, used 35301K [0x00000000e0000000, 0x00000000f3200000, 0x0000000100000000)
  eden space 224768K, 0% used [0x00000000e0000000,0x00000000e0000000,0x00000000edb80000)
  from space 35328K, 99% used [0x00000000f0500000,0x00000000f2779798,0x00000000f2780000)
  to   space 42496K, 0% used [0x00000000edb80000,0x00000000edb80000,0x00000000f0500000)
 ParOldGen       total 416768K, used 74742K [0x00000000a0000000, 0x00000000b9700000, 0x00000000e0000000)
  object space 416768K, 17% used [0x00000000a0000000,0x00000000a48fda50,0x00000000b9700000)
 Metaspace       used 80990K, capacity 84992K, committed 85336K, reserved 1124352K
  class space    used 10520K, capacity 11285K, committed 11392K, reserved 1048576K
}
Event: 551.676 GC heap before
{Heap before GC invocations=16 (full 3):
 PSYoungGen      total 260096K, used 260069K [0x00000000e0000000, 0x00000000f3200000, 0x0000000100000000)
  eden space 224768K, 100% used [0x00000000e0000000,0x00000000edb80000,0x00000000edb80000)
  from space 35328K, 99% used [0x00000000f0500000,0x00000000f2779798,0x00000000f2780000)
  to   space 42496K, 0% used [0x00000000edb80000,0x00000000edb80000,0x00000000f0500000)
 ParOldGen       total 416768K, used 74742K [0x00000000a0000000, 0x00000000b9700000, 0x00000000e0000000)
  object space 416768K, 17% used [0x00000000a0000000,0x00000000a48fda50,0x00000000b9700000)
 Metaspace       used 84826K, capacity 89074K, committed 89176K, reserved 1126400K
  class space    used 11019K, capacity 11823K, committed 11904K, reserved 1048576K
Event: 551.738 GC heap after
Heap after GC invocations=16 (full 3):
 PSYoungGen      total 267264K, used 30684K [0x00000000e0000000, 0x00000000f5200000, 0x0000000100000000)
  eden space 224768K, 0% used [0x00000000e0000000,0x00000000e0000000,0x00000000edb80000)
  from space 42496K, 72% used [0x00000000edb80000,0x00000000ef977348,0x00000000f0500000)
  to   space 44032K, 0% used [0x00000000f2700000,0x00000000f2700000,0x00000000f5200000)
 ParOldGen       total 416768K, used 86073K [0x00000000a0000000, 0x00000000b9700000, 0x00000000e0000000)
  object space 416768K, 20% used [0x00000000a0000000,0x00000000a540e630,0x00000000b9700000)
 Metaspace       used 84826K, capacity 89074K, committed 89176K, reserved 1126400K
  class space    used 11019K, capacity 11823K, committed 11904K, reserved 1048576K
}
Event: 558.076 GC heap before
{Heap before GC invocations=17 (full 3):
 PSYoungGen      total 267264K, used 255452K [0x00000000e0000000, 0x00000000f5200000, 0x0000000100000000)
  eden space 224768K, 100% used [0x00000000e0000000,0x00000000edb80000,0x00000000edb80000)
  from space 42496K, 72% used [0x00000000edb80000,0x00000000ef977348,0x00000000f0500000)
  to   space 44032K, 0% used [0x00000000f2700000,0x00000000f2700000,0x00000000f5200000)
 ParOldGen       total 416768K, used 86073K [0x00000000a0000000, 0x00000000b9700000, 0x00000000e0000000)
  object space 416768K, 20% used [0x00000000a0000000,0x00000000a540e630,0x00000000b9700000)
 Metaspace       used 91672K, capacity 96070K, committed 96344K, reserved 1132544K
  class space    used 11789K, capacity 12636K, committed 12672K, reserved 1048576K
Event: 558.115 GC heap after
Heap after GC invocations=17 (full 3):
 PSYoungGen      total 297984K, used 40271K [0x00000000e0000000, 0x00000000f5700000, 0x0000000100000000)
  eden space 253952K, 0% used [0x00000000e0000000,0x00000000e0000000,0x00000000ef800000)
  from space 44032K, 91% used [0x00000000f2700000,0x00000000f4e53c48,0x00000000f5200000)
  to   space 48128K, 0% used [0x00000000ef800000,0x00000000ef800000,0x00000000f2700000)
 ParOldGen       total 416768K, used 86089K [0x00000000a0000000, 0x00000000b9700000, 0x00000000e0000000)
  object space 416768K, 20% used [0x00000000a0000000,0x00000000a5412630,0x00000000b9700000)
 Metaspace       used 91672K, capacity 96070K, committed 96344K, reserved 1132544K
  class space    used 11789K, capacity 12636K, committed 12672K, reserved 1048576K
}

Deoptimization events (10 events):
Event: 558.240 Thread 0x000000001e7a9000 Uncommon trap: reason=class_check action=maybe_recompile pc=0x000000000300cf0c method=java.util.stream.StreamOpFlag.fromCharacteristics(Ljava/util/Spliterator;)I @ 14
Event: 558.250 Thread 0x000000001e2d4800 Uncommon trap: reason=unstable_if action=reinterpret pc=0x0000000005c11d78 method=java.net.URI.needsNormalization(Ljava/lang/String;)I @ 149
Event: 558.286 Thread 0x000000001e7b1800 Uncommon trap: reason=unstable_if action=reinterpret pc=0x0000000003019060 method=java.nio.Bits.putInt(Ljava/nio/ByteBuffer;IIZ)V @ 1
Event: 558.326 Thread 0x000000001e2d4800 Uncommon trap: reason=unstable_if action=reinterpret pc=0x0000000002f9c854 method=java.nio.Bits.getShort(Ljava/nio/ByteBuffer;IZ)S @ 1
Event: 558.332 Thread 0x000000001e2d4800 Uncommon trap: reason=class_check action=maybe_recompile pc=0x0000000003092870 method=java.util.zip.InflaterInputStream.read()I @ 11
Event: 558.334 Thread 0x000000001e2d4800 Uncommon trap: reason=class_check action=maybe_recompile pc=0x0000000003092870 method=java.util.zip.InflaterInputStream.read()I @ 11
Event: 558.334 Thread 0x000000001e2d4800 Uncommon trap: reason=class_check action=maybe_recompile pc=0x0000000003092870 method=java.util.zip.InflaterInputStream.read()I @ 11
Event: 558.334 Thread 0x000000001e2d4800 Uncommon trap: reason=class_check action=maybe_recompile pc=0x0000000003092870 method=java.util.zip.InflaterInputStream.read()I @ 11
Event: 558.337 Thread 0x000000001e2d4800 Uncommon trap: reason=class_check action=maybe_recompile pc=0x00000000056d927c method=com.google.common.collect.ImmutableMap.copyOf(Ljava/util/Map;)Lcom/google/common/collect/ImmutableMap; @ 49
Event: 558.337 Thread 0x000000001e2d4800 Uncommon trap: reason=class_check action=maybe_recompile pc=0x00000000056c88b0 method=com.google.common.collect.Iterables.castOrCopyToCollection(Ljava/lang/Iterable;)Ljava/util/Collection; @ 1

Classes redefined (0 events):
No events

Internal exceptions (10 events):
Event: 557.800 Thread 0x000000001e2d4800 Exception <a 'java/lang/NoSuchMethodError': java.lang.Object.lambda$and$0(Ljava/util/function/Predicate;Ljava/lang/Object;)Z> (0x00000000eb487000) thrown at [D:\src\AOSP-openjdk-cygwin\jdk8u\hotspot\src\share\vm\interpreter\linkResolver.cpp, line 620]
Event: 557.841 Thread 0x000000001e7b3800 Exception <a 'java/lang/NoSuchMethodError': java.lang.Object.lambda$static$0(Ljava/lang/String;)Z> (0x00000000eb8d28b8) thrown at [D:\src\AOSP-openjdk-cygwin\jdk8u\hotspot\src\share\vm\interpreter\linkResolver.cpp, line 620]
Event: 557.985 Thread 0x000000001e2d4800 Exception <a 'java/lang/NoSuchMethodError': java.lang.Object.newSystemTemporaryDirectory()Lcom/android/tools/build/apkzlib/bytestorage/TemporaryDirectory;> (0x00000000ec27e140) thrown at [D:\src\AOSP-openjdk-cygwin\jdk8u\hotspot\src\share\vm\interpreter\l
Event: 558.134 Thread 0x000000001e7aa000 Exception <a 'sun/nio/fs/WindowsException'> (0x00000000e0a7a030) thrown at [D:\src\AOSP-openjdk-cygwin\jdk8u\hotspot\src\share\vm\prims\jni.cpp, line 710]
Event: 558.163 Thread 0x000000001e7b3800 Exception <a 'sun/nio/fs/WindowsException'> (0x00000000e15437f8) thrown at [D:\src\AOSP-openjdk-cygwin\jdk8u\hotspot\src\share\vm\prims\jni.cpp, line 710]
Event: 558.172 Thread 0x000000001edb8800 Exception <a 'sun/nio/fs/WindowsException'> (0x00000000e160fcb8) thrown at [D:\src\AOSP-openjdk-cygwin\jdk8u\hotspot\src\share\vm\prims\jni.cpp, line 710]
Event: 558.216 Thread 0x000000001e7b4800 Exception <a 'sun/nio/fs/WindowsException'> (0x00000000e1f6f0c0) thrown at [D:\src\AOSP-openjdk-cygwin\jdk8u\hotspot\src\share\vm\prims\jni.cpp, line 710]
Event: 558.217 Thread 0x000000001e7a9000 Exception <a 'sun/nio/fs/WindowsException'> (0x00000000e1f8efd8) thrown at [D:\src\AOSP-openjdk-cygwin\jdk8u\hotspot\src\share\vm\prims\jni.cpp, line 710]
Event: 558.272 Thread 0x000000001e7b1800 Exception <a 'sun/nio/fs/WindowsException'> (0x00000000e27d9700) thrown at [D:\src\AOSP-openjdk-cygwin\jdk8u\hotspot\src\share\vm\prims\jni.cpp, line 710]
Event: 558.349 Thread 0x000000001e7b0800 Exception <a 'java/lang/OutOfMemoryError'> (0x00000000e3198bd0) thrown at [D:\src\AOSP-openjdk-cygwin\jdk8u\hotspot\src\share\vm\prims\jni.cpp, line 736]

Events (10 events):
Event: 558.361 loading class com/android/tools/r8/graph/DexItemFactory done
Event: 558.361 loading class com/android/tools/r8/graph/DexString
Event: 558.361 loading class com/android/tools/r8/graph/DexString done
Event: 558.361 loading class com/android/tools/r8/graph/DexString
Event: 558.361 loading class com/android/tools/r8/graph/DexItemFactory
Event: 558.361 loading class com/android/tools/r8/graph/DexString done
Event: 558.361 loading class com/android/tools/r8/graph/DexItemFactory done
Event: 558.361 loading class com/android/tools/r8/graph/DexItemFactory
Event: 558.361 loading class com/android/tools/r8/graph/DexItemFactory done
Event: 558.361 loading class com/android/tools/r8/utils/DescriptorUtils


Dynamic libraries:
0x00007ff6336a0000 - 0x00007ff6336d1000 	D:\Android\Android Studio\jre\bin\java.exe
0x00007ffdfef00000 - 0x00007ffdff0f0000 	C:\WINDOWS\SYSTEM32\ntdll.dll
0x00007ffdfe0e0000 - 0x00007ffdfe192000 	C:\WINDOWS\System32\KERNEL32.DLL
0x00007ffdfc0c0000 - 0x00007ffdfc363000 	C:\WINDOWS\System32\KERNELBASE.dll
0x00007ffdfdad0000 - 0x00007ffdfdb73000 	C:\WINDOWS\System32\ADVAPI32.dll
0x00007ffdfd210000 - 0x00007ffdfd2ae000 	C:\WINDOWS\System32\msvcrt.dll
0x00007ffdfeca0000 - 0x00007ffdfed37000 	C:\WINDOWS\System32\sechost.dll
0x00007ffdfdc50000 - 0x00007ffdfdd70000 	C:\WINDOWS\System32\RPCRT4.dll
0x00007ffdfeb00000 - 0x00007ffdfec94000 	C:\WINDOWS\System32\USER32.dll
0x00007ffdfbfc0000 - 0x00007ffdfbfe1000 	C:\WINDOWS\System32\win32u.dll
0x00007ffdfd1e0000 - 0x00007ffdfd206000 	C:\WINDOWS\System32\GDI32.dll
0x00007ffdfc370000 - 0x00007ffdfc504000 	C:\WINDOWS\System32\gdi32full.dll
0x00007ffdfbff0000 - 0x00007ffdfc08e000 	C:\WINDOWS\System32\msvcp_win.dll
0x00007ffdfc510000 - 0x00007ffdfc60a000 	C:\WINDOWS\System32\ucrtbase.dll
0x00007ffdef950000 - 0x00007ffdefbd5000 	C:\WINDOWS\WinSxS\amd64_microsoft.windows.common-controls_6595b64144ccf1df_6.0.18362.476_none_e6c4b11b130f2595\COMCTL32.dll
0x00007ffdfd2b0000 - 0x00007ffdfd5e6000 	C:\WINDOWS\System32\combase.dll
0x00007ffdfbf40000 - 0x00007ffdfbfc0000 	C:\WINDOWS\System32\bcryptPrimitives.dll
0x00007ffdfdc00000 - 0x00007ffdfdc2e000 	C:\WINDOWS\System32\IMM32.DLL
0x00000000691e0000 - 0x00000000692b2000 	D:\Android\Android Studio\jre\jre\bin\msvcr100.dll
0x00000000692c0000 - 0x0000000069b06000 	D:\Android\Android Studio\jre\jre\bin\server\jvm.dll
0x00007ffdfdf70000 - 0x00007ffdfdf78000 	C:\WINDOWS\System32\PSAPI.DLL
0x00007ffdeb8a0000 - 0x00007ffdeb8a9000 	C:\WINDOWS\SYSTEM32\WSOCK32.dll
0x00007ffdf7ca0000 - 0x00007ffdf7cc4000 	C:\WINDOWS\SYSTEM32\WINMM.dll
0x00007ffdfdf00000 - 0x00007ffdfdf6f000 	C:\WINDOWS\System32\WS2_32.dll
0x00007ffdf74a0000 - 0x00007ffdf74aa000 	C:\WINDOWS\SYSTEM32\VERSION.dll
0x00007ffdf7b60000 - 0x00007ffdf7b8d000 	C:\WINDOWS\SYSTEM32\WINMMBASE.dll
0x00007ffdfbef0000 - 0x00007ffdfbf3a000 	C:\WINDOWS\System32\cfgmgr32.dll
0x00007ffdf88f0000 - 0x00007ffdf88ff000 	D:\Android\Android Studio\jre\jre\bin\verify.dll
0x00007ffdf7b90000 - 0x00007ffdf7bb9000 	D:\Android\Android Studio\jre\jre\bin\java.dll
0x00007ffdf8850000 - 0x00007ffdf8866000 	D:\Android\Android Studio\jre\jre\bin\zip.dll
0x00007ffdfe360000 - 0x00007ffdfea45000 	C:\WINDOWS\System32\SHELL32.dll
0x00007ffdfee10000 - 0x00007ffdfeeb9000 	C:\WINDOWS\System32\shcore.dll
0x00007ffdfc830000 - 0x00007ffdfcfae000 	C:\WINDOWS\System32\windows.storage.dll
0x00007ffdfbe00000 - 0x00007ffdfbe1f000 	C:\WINDOWS\System32\profapi.dll
0x00007ffdfbe40000 - 0x00007ffdfbe8a000 	C:\WINDOWS\System32\powrprof.dll
0x00007ffdfbdd0000 - 0x00007ffdfbde0000 	C:\WINDOWS\System32\UMPDC.dll
0x00007ffdfdea0000 - 0x00007ffdfdef2000 	C:\WINDOWS\System32\shlwapi.dll
0x00007ffdfbe20000 - 0x00007ffdfbe31000 	C:\WINDOWS\System32\kernel.appcore.dll
0x00007ffdfc760000 - 0x00007ffdfc777000 	C:\WINDOWS\System32\cryptsp.dll
0x00007ffde6710000 - 0x00007ffde672a000 	D:\Android\Android Studio\jre\jre\bin\net.dll
0x00007ffdfb640000 - 0x00007ffdfb6a7000 	C:\WINDOWS\system32\mswsock.dll
0x00007ffde63f0000 - 0x00007ffde6401000 	D:\Android\Android Studio\jre\jre\bin\nio.dll
0x00007ffde6a50000 - 0x00007ffde6a76000 	C:\Users\webma\.gradle\native\29\windows-amd64\native-platform.dll
0x00007ffde6a40000 - 0x00007ffde6a4d000 	D:\Android\Android Studio\jre\jre\bin\management.dll
0x00007ffdfb1b0000 - 0x00007ffdfb1e3000 	C:\WINDOWS\system32\rsaenh.dll
0x00007ffdfc090000 - 0x00007ffdfc0b6000 	C:\WINDOWS\System32\bcrypt.dll
0x00007ffdfbcc0000 - 0x00007ffdfbce5000 	C:\WINDOWS\SYSTEM32\USERENV.dll
0x00007ffdfb810000 - 0x00007ffdfb81c000 	C:\WINDOWS\SYSTEM32\CRYPTBASE.dll
0x00007ffdfb350000 - 0x00007ffdfb38a000 	C:\WINDOWS\SYSTEM32\IPHLPAPI.DLL
0x00007ffdfdbf0000 - 0x00007ffdfdbf8000 	C:\WINDOWS\System32\NSI.dll
0x00007ffdeff20000 - 0x00007ffdeff36000 	C:\WINDOWS\SYSTEM32\dhcpcsvc6.DLL
0x00007ffdeff00000 - 0x00007ffdeff1c000 	C:\WINDOWS\SYSTEM32\dhcpcsvc.DLL
0x00007ffdfb390000 - 0x00007ffdfb45a000 	C:\WINDOWS\SYSTEM32\DNSAPI.dll

VM Arguments:
jvm_args: -Xmx1536m -Dfile.encoding=windows-1252 -Duser.country=AU -Duser.language=en -Duser.variant 
java_command: org.gradle.launcher.daemon.bootstrap.GradleDaemon 5.4.1
java_class_path (initial): C:\Users\webma\.gradle\wrapper\dists\gradle-5.4.1-all\3221gyojl5jsh0helicew7rwx\gradle-5.4.1\lib\gradle-launcher-5.4.1.jar
Launcher Type: SUN_STANDARD

Environment Variables:
PATH=C:\ProgramData\Oracle\Java\javapath;C:\WINDOWS\system32;C:\WINDOWS;C:\WINDOWS\System32\Wbem;C:\WINDOWS\System32\WindowsPowerShell\v1.0\;C:\Program Files (x86)\NVIDIA Corporation\PhysX\Common;C:\Program Files\Microsoft SQL Server\130\Tools\Binn\;C:\Program Files\dotnet\;C:\Program Files (x86)\GtkSharp\2.12\bin;C:\Users\webma\.dnx\bin;C:\Program Files\Microsoft DNX\Dnvm\;C:\Program Files (x86)\Microsoft Emulator Manager\1.0\;D:\Program Files\Brackets\command;D:\Python;D:\Python\Scripts;C:\WINDOWS\System32\OpenSSH\;C:\Program Files\Git\cmd;C:\Program Files (x86)\Calibre2\;C:\Program Files\NVIDIA Corporation\NVIDIA NvDLISR;D:\Program Files\TortoiseGit\bin;D:\Program Files\nodejs\;D:\Program Files\Microsoft VS Code\bin;C:\WINDOWS\system32;C:\WINDOWS;C:\WINDOWS\System32\Wbem;C:\WINDOWS\System32\WindowsPowerShell\v1.0\;C:\WINDOWS\System32\OpenSSH\;C:\Program Files (x86)\Common Files\Propellerhead Software\ReWire\;C:\Program Files\Common Files\Propellerhead Software\ReWire\;D:\Program Files\Dart\dart-sdk\bin;D:\Python\Scripts\;D:\Python\;C:\Users\webma\AppData\Local\Microsoft\WindowsApps;D:\Program Files\Microsoft VS Code\bin;D:\Android\sdk\tools;D:\Android\sdk\platform-tools;D:\Program Files\Java\jdk-10.0.2\bin;C:\Users\webma\AppData\Local\GitHubDesktop\bin;D:\kotlinc\bin;D:\Gradle\gradle-5.4.1\bin;C:\Users\webma\AppData\Roaming\npm;D:\JetBrains\IntelliJ IDEA Community Edition 2019.1.1\bin;;D:\Program Files\JetBrains\PyCharm Community Edition 2019.1.2\bin;;D:\MinGw\bin;D:\bin;D:\xampp\php;D:\My Documents\github\exercism;C:\Users\webma\AppData\Local\Microsoft\WindowsApps;D:\Program Files\MongoDB\Server\4.2\bin;D:\Program Files\PostgreSQL\12\bin;
USERNAME=webma
OS=Windows_NT
PROCESSOR_IDENTIFIER=Intel64 Family 6 Model 58 Stepping 9, GenuineIntel



---------------  S Y S T E M  ---------------

OS: Windows 10.0 , 64 bit Build 18362 (10.0.18362.329)

CPU:total 8 (initial active 8) (4 cores per cpu, 2 threads per core) family 6 model 58 stepping 9, cmov, cx8, fxsr, mmx, sse, sse2, sse3, ssse3, sse4.1, sse4.2, popcnt, avx, aes, clmul, erms, ht, tsc, tscinvbit, tscinv

Memory: 4k page, physical 25107784k(6586240k free), swap 29162824k(16204k free)

vm_info: OpenJDK 64-Bit Server VM (25.202-b03) for windows-amd64 JRE (1.8.0_202-release-1483-b03), built by "builder" with MS VC++ 10.0 (VS2010)

time: Thu Nov 28 23:05:44 2019
timezone: AUS Eastern Summer Time
elapsed time: 558 seconds (0d 0h 9m 18s)

